Performing C++ SOURCE FILE Test CMAKE_HAVE_LIBC_PTHREAD failed with the following output:
Change Dir: /home/orangepi/cyq/task1/MSCKF_ws/src/msckf_vio/build/CMakeFiles/CMakeTmp

Run Build Command(s):/usr/bin/make cmTC_3ebe3/fast && /usr/bin/make -f CMakeFiles/cmTC_3ebe3.dir/build.make CMakeFiles/cmTC_3ebe3.dir/build
make[1]: 进入目录“/home/orangepi/cyq/task1/MSCKF_ws/src/msckf_vio/build/CMakeFiles/CMakeTmp”
Building CXX object CMakeFiles/cmTC_3ebe3.dir/src.cxx.o
/usr/bin/c++    -DCMAKE_HAVE_LIBC_PTHREAD   -o CMakeFiles/cmTC_3ebe3.dir/src.cxx.o -c /home/orangepi/cyq/task1/MSCKF_ws/src/msckf_vio/build/CMakeFiles/CMakeTmp/src.cxx
Linking CXX executable cmTC_3ebe3
/usr/bin/cmake -E cmake_link_script CMakeFiles/cmTC_3ebe3.dir/link.txt --verbose=1
/usr/bin/c++   -DCMAKE_HAVE_LIBC_PTHREAD    -rdynamic CMakeFiles/cmTC_3ebe3.dir/src.cxx.o  -o cmTC_3ebe3 
/usr/bin/ld: CMakeFiles/cmTC_3ebe3.dir/src.cxx.o: in function `main':
src.cxx:(.text+0x48): undefined reference to `pthread_create'
/usr/bin/ld: src.cxx:(.text+0x50): undefined reference to `pthread_detach'
/usr/bin/ld: src.cxx:(.text+0x5c): undefined reference to `pthread_join'
collect2: error: ld returned 1 exit status
make[1]: *** [CMakeFiles/cmTC_3ebe3.dir/build.make:87：cmTC_3ebe3] 错误 1
make[1]: 离开目录“/home/orangepi/cyq/task1/MSCKF_ws/src/msckf_vio/build/CMakeFiles/CMakeTmp”
make: *** [Makefile:121：cmTC_3ebe3/fast] 错误 2


Source file was:
#include <pthread.h>

void* test_func(void* data)
{
  return data;
}

int main(void)
{
  pthread_t thread;
  pthread_create(&thread, NULL, test_func, NULL);
  pthread_detach(thread);
  pthread_join(thread, NULL);
  pthread_atfork(NULL, NULL, NULL);
  pthread_exit(NULL);

  return 0;
}

Determining if the function pthread_create exists in the pthreads failed with the following output:
Change Dir: /home/orangepi/cyq/task1/MSCKF_ws/src/msckf_vio/build/CMakeFiles/CMakeTmp

Run Build Command(s):/usr/bin/make cmTC_297bf/fast && /usr/bin/make -f CMakeFiles/cmTC_297bf.dir/build.make CMakeFiles/cmTC_297bf.dir/build
make[1]: 进入目录“/home/orangepi/cyq/task1/MSCKF_ws/src/msckf_vio/build/CMakeFiles/CMakeTmp”
Building CXX object CMakeFiles/cmTC_297bf.dir/CheckFunctionExists.cxx.o
/usr/bin/c++    -DCHECK_FUNCTION_EXISTS=pthread_create   -o CMakeFiles/cmTC_297bf.dir/CheckFunctionExists.cxx.o -c /home/orangepi/cyq/task1/MSCKF_ws/src/msckf_vio/build/CMakeFiles/CheckLibraryExists/CheckFunctionExists.cxx
Linking CXX executable cmTC_297bf
/usr/bin/cmake -E cmake_link_script CMakeFiles/cmTC_297bf.dir/link.txt --verbose=1
/usr/bin/c++   -DCHECK_FUNCTION_EXISTS=pthread_create    -rdynamic CMakeFiles/cmTC_297bf.dir/CheckFunctionExists.cxx.o  -o cmTC_297bf  -lpthreads 
/usr/bin/ld: 找不到 -lpthreads
collect2: error: ld returned 1 exit status
make[1]: *** [CMakeFiles/cmTC_297bf.dir/build.make:87：cmTC_297bf] 错误 1
make[1]: 离开目录“/home/orangepi/cyq/task1/MSCKF_ws/src/msckf_vio/build/CMakeFiles/CMakeTmp”
make: *** [Makefile:121：cmTC_297bf/fast] 错误 2



Determining if the function sgemm_ exists failed with the following output:
Change Dir: /home/orangepi/cyq/task1/MSCKF_ws/src/msckf_vio/build/CMakeFiles/CMakeTmp

Run Build Command(s):/usr/bin/make cmTC_1d093/fast && /usr/bin/make -f CMakeFiles/cmTC_1d093.dir/build.make CMakeFiles/cmTC_1d093.dir/build
make[1]: 进入目录“/home/orangepi/cyq/task1/MSCKF_ws/src/msckf_vio/build/CMakeFiles/CMakeTmp”
Building CXX object CMakeFiles/cmTC_1d093.dir/CheckFunctionExists.cxx.o
/usr/bin/c++    -DCHECK_FUNCTION_EXISTS=sgemm_   -o CMakeFiles/cmTC_1d093.dir/CheckFunctionExists.cxx.o -c /home/orangepi/cyq/task1/MSCKF_ws/src/msckf_vio/build/CMakeFiles/CheckFunctionExists/CheckFunctionExists.cxx
Linking CXX executable cmTC_1d093
/usr/bin/cmake -E cmake_link_script CMakeFiles/cmTC_1d093.dir/link.txt --verbose=1
/usr/bin/c++   -DCHECK_FUNCTION_EXISTS=sgemm_    -rdynamic CMakeFiles/cmTC_1d093.dir/CheckFunctionExists.cxx.o  -o cmTC_1d093 
/usr/bin/ld: CMakeFiles/cmTC_1d093.dir/CheckFunctionExists.cxx.o: in function `main':
CheckFunctionExists.cxx:(.text+0x10): undefined reference to `sgemm_'
collect2: error: ld returned 1 exit status
make[1]: *** [CMakeFiles/cmTC_1d093.dir/build.make:87：cmTC_1d093] 错误 1
make[1]: 离开目录“/home/orangepi/cyq/task1/MSCKF_ws/src/msckf_vio/build/CMakeFiles/CMakeTmp”
make: *** [Makefile:121：cmTC_1d093/fast] 错误 2



Determining if the function cheev_ exists failed with the following output:
Change Dir: /home/orangepi/cyq/task1/MSCKF_ws/src/msckf_vio/build/CMakeFiles/CMakeTmp

Run Build Command(s):/usr/bin/make cmTC_f2503/fast && /usr/bin/make -f CMakeFiles/cmTC_f2503.dir/build.make CMakeFiles/cmTC_f2503.dir/build
make[1]: 进入目录“/home/orangepi/cyq/task1/MSCKF_ws/src/msckf_vio/build/CMakeFiles/CMakeTmp”
Building CXX object CMakeFiles/cmTC_f2503.dir/CheckFunctionExists.cxx.o
/usr/bin/c++    -DCHECK_FUNCTION_EXISTS=cheev_   -o CMakeFiles/cmTC_f2503.dir/CheckFunctionExists.cxx.o -c /home/orangepi/cyq/task1/MSCKF_ws/src/msckf_vio/build/CMakeFiles/CheckFunctionExists/CheckFunctionExists.cxx
Linking CXX executable cmTC_f2503
/usr/bin/cmake -E cmake_link_script CMakeFiles/cmTC_f2503.dir/link.txt --verbose=1
/usr/bin/c++   -DCHECK_FUNCTION_EXISTS=cheev_    -rdynamic CMakeFiles/cmTC_f2503.dir/CheckFunctionExists.cxx.o  -o cmTC_f2503  /usr/lib/aarch64-linux-gnu/libf77blas.so /usr/lib/aarch64-linux-gnu/libatlas.so 
/usr/bin/ld: CMakeFiles/cmTC_f2503.dir/CheckFunctionExists.cxx.o: in function `main':
CheckFunctionExists.cxx:(.text+0x10): undefined reference to `cheev_'
collect2: error: ld returned 1 exit status
make[1]: *** [CMakeFiles/cmTC_f2503.dir/build.make:89：cmTC_f2503] 错误 1
make[1]: 离开目录“/home/orangepi/cyq/task1/MSCKF_ws/src/msckf_vio/build/CMakeFiles/CMakeTmp”
make: *** [Makefile:121：cmTC_f2503/fast] 错误 2



